Arguments: 
  C:\Program Files\nodejs\node.exe C:\Users\BOSSMONSTER\AppData\Roaming\npm\node_modules\yarn\bin\yarn.js init

PATH: 
  C:\Program Files (x86)\Common Files\Intel\Shared Libraries\redist\intel64\compiler;C:\Windows\system32;C:\Windows;C:\Windows\System32\Wbem;C:\Windows\System32\WindowsPowerShell\v1.0\;C:\Windows\System32\OpenSSH\;C:\Program Files (x86)\NVIDIA Corporation\PhysX\Common;C:\Program Files (x86)\Intel\Intel(R) Management Engine Components\DAL;C:\Program Files\Intel\Intel(R) Management Engine Components\DAL;C:\Program Files\Intel\WiFi\bin\;C:\Program Files\Common Files\Intel\WirelessCommon\;C:\Program Files\NVIDIA Corporation\NVIDIA NvDLISR;C:\Program Files\Git\cmd;C:\Program Files\Java\jdk-13.0.2\bin\;C:\Program Files\Microsoft SQL Server\130\Tools\Binn\;C:\Users\BOSSMONSTER\AppData\Roaming\Python\Python37\Scripts;C:\Program Files\nodejs\;C:\Program Files\MongoDB\Server\4.2\bin;C:\Program Files\Java\jdk-13.0.2\bin;C:\Users\BOSSMONSTER\AppData\Local\Programs\Python\Python37-32\Scripts\;C:\Users\BOSSMONSTER\AppData\Local\Programs\Python\Python37-32\;C:\Users\BOSSMONSTER\AppData\Local\Microsoft\WindowsApps;C:\Program Files\Intel\WiFi\bin\;C:\Program Files\Common Files\Intel\WirelessCommon\;C:\Program Files\Bandizip\;C:\Users\BOSSMONSTER\AppData\Local\Programs\Microsoft VS Code\bin;C:\Users\BOSSMONSTER\AppData\Roaming\npm;C:\Users\BOSSMONSTER\AppData\Local\GitHubDesktop\bin

Yarn version: 
  1.21.1

Node version: 
  12.13.1

Platform: 
  win32 x64

Trace: 
  Error: canceled
      at Interface.<anonymous> (C:\Users\BOSSMONSTER\AppData\Roaming\npm\node_modules\yarn\lib\cli.js:136925:13)
      at Interface.emit (events.js:210:5)
      at Interface._ttyWrite (readline.js:887:16)
      at ReadStream.onkeypress (readline.js:191:10)
      at ReadStream.emit (events.js:210:5)
      at emitKeys (internal/readline/utils.js:433:14)
      at emitKeys.next (<anonymous>)
      at ReadStream.onData (readline.js:1153:36)
      at ReadStream.emit (events.js:210:5)
      at addChunk (_stream_readable.js:309:12)

npm manifest: 
  {
    "name": "blockchiain-typescript",
    "version": "1.0.0",
    "description": "making blockchain with typescript",
    "main": "index.js",
    "license": "MIT",
    "scripts": {
      "start": "node index.js",
      "prestart": "tsc"
    }
  }

yarn manifest: 
  No manifest

Lockfile: 
  No lockfile
